2025-01-11 13:38:00 | WARN | repo=a4m36jee-2014 | action=test | passed=true
2025-10-25 18:36:00 | WARN | repo=a4m36jee-2014 | action=commit
2025-09-12 20:06:00 | WARN | repo=a4m36jee-2014 | action=commit
2025-11-06 10:41:00 | WARN | repo=a4m36jee-2014 | action=commit
2025-12-03 09:41:00 | WARN | repo=a4m36jee-2014 | action=commit
2025-12-13 21:13:00 | INFO | repo=a4m36jee-2014 | action=commit
2025-01-19 12:16:00 | INFO | repo=a4m36jee-2014 | action=commit
2025-05-08 07:52:00 | INFO | repo=a4m36jee-2014 | action=commit
2025-06-28 14:13:00 | WARN | repo=a4m36jee-2014 | action=pull
2025-06-12 18:56:00 | DEBUG | repo=a4m36jee-2014 | action=pull
2025-09-07 20:25:00 | DEBUG | repo=a4m36jee-2014 | action=commit
2025-02-09 18:01:00 | DEBUG | repo=a4m36jee-2014 | action=commit
2025-10-06 19:00:00 | INFO | repo=a4m36jee-2014 | action=commit
2025-06-15 10:49:00 | INFO | repo=a4m36jee-2014 | action=commit
2025-03-19 17:46:00 | INFO | repo=a4m36jee-2014 | action=edit | files=3
2025-01-03 21:48:00 | DEBUG | repo=a4m36jee-2014 | action=test | passed=true
2025-07-11 14:23:00 | WARN | repo=a4m36jee-2014 | action=commit
2025-08-08 15:39:00 | WARN | repo=a4m36jee-2014 | action=commit
2025-05-13 14:53:00 | WARN | repo=a4m36jee-2014 | action=commit
2025-12-06 10:34:00 | WARN | repo=a4m36jee-2014 | action=commit
2025-08-02 12:05:00 | DEBUG | repo=a4m36jee-2014 | action=commit
2025-09-13 19:50:00 | WARN | repo=a4m36jee-2014 | action=commit
2025-09-07 12:30:00 | WARN | repo=a4m36jee-2014 | action=commit
2025-08-08 16:08:00 | INFO | repo=a4m36jee-2014 | action=commit
2025-06-15 13:43:00 | WARN | repo=a4m36jee-2014 | action=commit
2025-09-01 21:17:00 | WARN | repo=a4m36jee-2014 | action=pull
2025-12-28 13:16:00 | WARN | repo=a4m36jee-2014 | action=commit
2025-08-08 12:45:00 | INFO | repo=a4m36jee-2014 | action=commit
2025-11-06 13:28:00 | INFO | repo=a4m36jee-2014 | action=commit
2025-11-24 07:35:00 | INFO | repo=a4m36jee-2014 | action=commit
2025-03-23 14:43:00 | INFO | repo=a4m36jee-2014 | action=commit
2025-04-18 15:01:00 | INFO | repo=a4m36jee-2014 | action=pull
2025-06-05 20:14:00 | DEBUG | repo=a4m36jee-2014 | action=commit
2025-09-19 11:29:00 | WARN | repo=a4m36jee-2014 | action=edit | files=1
2025-07-25 13:42:00 | DEBUG | repo=a4m36jee-2014 | action=edit | files=4
2025-04-02 16:46:00 | WARN | repo=a4m36jee-2014 | action=commit
2025-07-20 10:15:00 | INFO | repo=a4m36jee-2014 | action=commit
2025-10-05 19:31:00 | INFO | repo=a4m36jee-2014 | action=commit
